============================= test session starts ==============================
platform linux -- Python 3.12.4, pytest-8.3.0, pluggy-1.6.0
rootdir: /app
configfile: pytest.ini
plugins: Faker-33.1.0, anyio-4.12.1, asyncio-0.24.0, cov-7.0.0
asyncio: mode=Mode.AUTO, default_loop_scope=function
collected 1 item

tests/test_recipe_service.py F                                           [100%]

=================================== FAILURES ===================================
_________________________ test_recipe_cost_calculation _________________________

self = <sqlalchemy.dialects.postgresql.asyncpg.AsyncAdapt_asyncpg_cursor object at 0x73948a852a40>
operation = 'INSERT INTO products (company_id, name, description, price, tax_rate, stock, image_url, is_active, created_at, update...EAN, $9::TIMESTAMP WITHOUT TIME ZONE, $10::TIMESTAMP WITHOUT TIME ZONE, $11::INTEGER, $12::UUID) RETURNING products.id'
parameters = (956, 'Burger 53c3cf48', None, Decimal('25.00'), 0, Decimal('0'), ...)

    async def _prepare_and_execute(self, operation, parameters):
        adapt_connection = self._adapt_connection
    
        async with adapt_connection._execute_mutex:
            if not adapt_connection._started:
                await adapt_connection._start_transaction()
    
            if parameters is None:
                parameters = ()
    
            try:
>               prepared_stmt, attributes = await adapt_connection._prepare(
                    operation, self._invalidate_schema_cache_asof
                )

/usr/local/lib/python3.12/site-packages/sqlalchemy/dialects/postgresql/asyncpg.py:510: 
_ _ _ _ _ _ _ _ _ _ _ _ _ _ _ _ _ _ _ _ _ _ _ _ _ _ _ _ _ _ _ _ _ _ _ _ _ _ _ _ 
/usr/local/lib/python3.12/site-packages/sqlalchemy/dialects/postgresql/asyncpg.py:756: in _prepare
    prepared_stmt = await self._connection.prepare(
/usr/local/lib/python3.12/site-packages/asyncpg/connection.py:635: in prepare
    return await self._prepare(
/usr/local/lib/python3.12/site-packages/asyncpg/connection.py:653: in _prepare
    stmt = await self._get_statement(
/usr/local/lib/python3.12/site-packages/asyncpg/connection.py:432: in _get_statement
    statement = await self._protocol.prepare(
_ _ _ _ _ _ _ _ _ _ _ _ _ _ _ _ _ _ _ _ _ _ _ _ _ _ _ _ _ _ _ _ _ _ _ _ _ _ _ _ 

>   ???
E   asyncpg.exceptions.DatatypeMismatchError: column "active_recipe_id" is of type integer but expression is of type uuid
E   HINT:  You will need to rewrite or cast the expression.

asyncpg/protocol/protocol.pyx:165: DatatypeMismatchError

The above exception was the direct cause of the following exception:

self = <sqlalchemy.engine.base.Connection object at 0x73948a85f500>
dialect = <sqlalchemy.dialects.postgresql.asyncpg.PGDialect_asyncpg object at 0x73948ab6b890>
context = <sqlalchemy.dialects.postgresql.asyncpg.PGExecutionContext_asyncpg object at 0x73948a8a4dd0>
statement = <sqlalchemy.dialects.postgresql.asyncpg.PGCompiler_asyncpg object at 0x73948a8a4e30>
parameters = [(956, 'Burger 53c3cf48', None, Decimal('25.00'), 0, Decimal('0'), ...)]

    def _exec_single_context(
        self,
        dialect: Dialect,
        context: ExecutionContext,
        statement: Union[str, Compiled],
        parameters: Optional[_AnyMultiExecuteParams],
    ) -> CursorResult[Any]:
        """continue the _execute_context() method for a single DBAPI
        cursor.execute() or cursor.executemany() call.
    
        """
        if dialect.bind_typing is BindTyping.SETINPUTSIZES:
            generic_setinputsizes = context._prepare_set_input_sizes()
    
            if generic_setinputsizes:
                try:
                    dialect.do_set_input_sizes(
                        context.cursor, generic_setinputsizes, context
                    )
                except BaseException as e:
                    self._handle_dbapi_exception(
                        e, str(statement), parameters, None, context
                    )
    
        cursor, str_statement, parameters = (
            context.cursor,
            context.statement,
            context.parameters,
        )
    
        effective_parameters: Optional[_AnyExecuteParams]
    
        if not context.executemany:
            effective_parameters = parameters[0]
        else:
            effective_parameters = parameters
    
        if self._has_events or self.engine._has_events:
            for fn in self.dispatch.before_cursor_execute:
                str_statement, effective_parameters = fn(
                    self,
                    cursor,
                    str_statement,
                    effective_parameters,
                    context,
                    context.executemany,
                )
    
        if self._echo:
            self._log_info(str_statement)
    
            stats = context._get_cache_stats()
    
            if not self.engine.hide_parameters:
                self._log_info(
                    "[%s] %r",
                    stats,
                    sql_util._repr_params(
                        effective_parameters,
                        batches=10,
                        ismulti=context.executemany,
                    ),
                )
            else:
                self._log_info(
                    "[%s] [SQL parameters hidden due to hide_parameters=True]",
                    stats,
                )
    
        evt_handled: bool = False
        try:
            if context.execute_style is ExecuteStyle.EXECUTEMANY:
                effective_parameters = cast(
                    "_CoreMultiExecuteParams", effective_parameters
                )
                if self.dialect._has_events:
                    for fn in self.dialect.dispatch.do_executemany:
                        if fn(
                            cursor,
                            str_statement,
                            effective_parameters,
                            context,
                        ):
                            evt_handled = True
                            break
                if not evt_handled:
                    self.dialect.do_executemany(
                        cursor,
                        str_statement,
                        effective_parameters,
                        context,
                    )
            elif not effective_parameters and context.no_parameters:
                if self.dialect._has_events:
                    for fn in self.dialect.dispatch.do_execute_no_params:
                        if fn(cursor, str_statement, context):
                            evt_handled = True
                            break
                if not evt_handled:
                    self.dialect.do_execute_no_params(
                        cursor, str_statement, context
                    )
            else:
                effective_parameters = cast(
                    "_CoreSingleExecuteParams", effective_parameters
                )
                if self.dialect._has_events:
                    for fn in self.dialect.dispatch.do_execute:
                        if fn(
                            cursor,
                            str_statement,
                            effective_parameters,
                            context,
                        ):
                            evt_handled = True
                            break
                if not evt_handled:
>                   self.dialect.do_execute(
                        cursor, str_statement, effective_parameters, context
                    )

/usr/local/lib/python3.12/site-packages/sqlalchemy/engine/base.py:1967: 
_ _ _ _ _ _ _ _ _ _ _ _ _ _ _ _ _ _ _ _ _ _ _ _ _ _ _ _ _ _ _ _ _ _ _ _ _ _ _ _ 
/usr/local/lib/python3.12/site-packages/sqlalchemy/engine/default.py:941: in do_execute
    cursor.execute(statement, parameters)
/usr/local/lib/python3.12/site-packages/sqlalchemy/dialects/postgresql/asyncpg.py:568: in execute
    self._adapt_connection.await_(
/usr/local/lib/python3.12/site-packages/sqlalchemy/util/_concurrency_py3k.py:132: in await_only
    return current.parent.switch(awaitable)  # type: ignore[no-any-return,attr-defined] # noqa: E501
/usr/local/lib/python3.12/site-packages/sqlalchemy/util/_concurrency_py3k.py:196: in greenlet_spawn
    value = await result
/usr/local/lib/python3.12/site-packages/sqlalchemy/dialects/postgresql/asyncpg.py:546: in _prepare_and_execute
    self._handle_exception(error)
/usr/local/lib/python3.12/site-packages/sqlalchemy/dialects/postgresql/asyncpg.py:497: in _handle_exception
    self._adapt_connection._handle_exception(error)
_ _ _ _ _ _ _ _ _ _ _ _ _ _ _ _ _ _ _ _ _ _ _ _ _ _ _ _ _ _ _ _ _ _ _ _ _ _ _ _ 

self = <AdaptedConnection <asyncpg.connection.Connection object at 0x73948a8a0aa0>>
error = DatatypeMismatchError('column "active_recipe_id" is of type integer but expression is of type uuid')

    def _handle_exception(self, error):
        if self._connection.is_closed():
            self._transaction = None
            self._started = False
    
        if not isinstance(error, AsyncAdapt_asyncpg_dbapi.Error):
            exception_mapping = self.dbapi._asyncpg_error_translate
    
            for super_ in type(error).__mro__:
                if super_ in exception_mapping:
                    translated_error = exception_mapping[super_](
                        "%s: %s" % (type(error), error)
                    )
                    translated_error.pgcode = translated_error.sqlstate = (
                        getattr(error, "sqlstate", None)
                    )
>                   raise translated_error from error
E                   sqlalchemy.dialects.postgresql.asyncpg.AsyncAdapt_asyncpg_dbapi.ProgrammingError: <class 'asyncpg.exceptions.DatatypeMismatchError'>: column "active_recipe_id" is of type integer but expression is of type uuid
E                   HINT:  You will need to rewrite or cast the expression.

/usr/local/lib/python3.12/site-packages/sqlalchemy/dialects/postgresql/asyncpg.py:780: ProgrammingError

The above exception was the direct cause of the following exception:

db_session = <sqlalchemy.ext.asyncio.session.AsyncSession object at 0x73948aba9e50>

    @pytest.mark.asyncio
    async def test_recipe_cost_calculation(db_session: AsyncSession):
        session = db_session
        uid = str(uuid.uuid4())[:8]
    
        # 1. Setup Data
        company = Company(name=f"Recipe Co {uid}", slug=f"recipe-co-{uid}", owner_name="Owner", owner_email=f"rec@{uid}.com")
        session.add(company)
        await session.commit()
    
        # Ingredient A (Meat) - $10
        ing_a = Ingredient(
            name=f"Meat {uid}", sku=f"meat-{uid}", base_unit="kg",
            current_cost=Decimal("10.00"), company_id=company.id, is_active=True
        )
        # Ingredient B (Bun) - $5
        ing_b = Ingredient(
            name=f"Bun {uid}", sku=f"bun-{uid}", base_unit="unit",
            current_cost=Decimal("5.00"), company_id=company.id, is_active=True
        )
        session.add(ing_a)
        session.add(ing_b)
    
        # Producto Final (Burger)
        final_prod = Product(name=f"Burger {uid}", company_id=company.id, price=Decimal("25.00"), stock=Decimal("0"), is_active=True)
        session.add(final_prod)
    
>       await session.commit()

tests/test_recipe_service.py:38: 
_ _ _ _ _ _ _ _ _ _ _ _ _ _ _ _ _ _ _ _ _ _ _ _ _ _ _ _ _ _ _ _ _ _ _ _ _ _ _ _ 
/usr/local/lib/python3.12/site-packages/sqlalchemy/ext/asyncio/session.py:1009: in commit
    await greenlet_spawn(self.sync_session.commit)
/usr/local/lib/python3.12/site-packages/sqlalchemy/util/_concurrency_py3k.py:203: in greenlet_spawn
    result = context.switch(value)
/usr/local/lib/python3.12/site-packages/sqlalchemy/orm/session.py:2028: in commit
    trans.commit(_to_root=True)
<string>:2: in commit
    ???
/usr/local/lib/python3.12/site-packages/sqlalchemy/orm/state_changes.py:139: in _go
    ret_value = fn(self, *arg, **kw)
/usr/local/lib/python3.12/site-packages/sqlalchemy/orm/session.py:1313: in commit
    self._prepare_impl()
<string>:2: in _prepare_impl
    ???
/usr/local/lib/python3.12/site-packages/sqlalchemy/orm/state_changes.py:139: in _go
    ret_value = fn(self, *arg, **kw)
/usr/local/lib/python3.12/site-packages/sqlalchemy/orm/session.py:1288: in _prepare_impl
    self.session.flush()
/usr/local/lib/python3.12/site-packages/sqlalchemy/orm/session.py:4352: in flush
    self._flush(objects)
/usr/local/lib/python3.12/site-packages/sqlalchemy/orm/session.py:4487: in _flush
    with util.safe_reraise():
/usr/local/lib/python3.12/site-packages/sqlalchemy/util/langhelpers.py:146: in __exit__
    raise exc_value.with_traceback(exc_tb)
/usr/local/lib/python3.12/site-packages/sqlalchemy/orm/session.py:4448: in _flush
    flush_context.execute()
/usr/local/lib/python3.12/site-packages/sqlalchemy/orm/unitofwork.py:466: in execute
    rec.execute(self)
/usr/local/lib/python3.12/site-packages/sqlalchemy/orm/unitofwork.py:642: in execute
    util.preloaded.orm_persistence.save_obj(
/usr/local/lib/python3.12/site-packages/sqlalchemy/orm/persistence.py:93: in save_obj
    _emit_insert_statements(
/usr/local/lib/python3.12/site-packages/sqlalchemy/orm/persistence.py:1233: in _emit_insert_statements
    result = connection.execute(
/usr/local/lib/python3.12/site-packages/sqlalchemy/engine/base.py:1418: in execute
    return meth(
/usr/local/lib/python3.12/site-packages/sqlalchemy/sql/elements.py:515: in _execute_on_connection
    return connection._execute_clauseelement(
/usr/local/lib/python3.12/site-packages/sqlalchemy/engine/base.py:1640: in _execute_clauseelement
    ret = self._execute_context(
/usr/local/lib/python3.12/site-packages/sqlalchemy/engine/base.py:1846: in _execute_context
    return self._exec_single_context(
/usr/local/lib/python3.12/site-packages/sqlalchemy/engine/base.py:1986: in _exec_single_context
    self._handle_dbapi_exception(
/usr/local/lib/python3.12/site-packages/sqlalchemy/engine/base.py:2355: in _handle_dbapi_exception
    raise sqlalchemy_exception.with_traceback(exc_info[2]) from e
/usr/local/lib/python3.12/site-packages/sqlalchemy/engine/base.py:1967: in _exec_single_context
    self.dialect.do_execute(
/usr/local/lib/python3.12/site-packages/sqlalchemy/engine/default.py:941: in do_execute
    cursor.execute(statement, parameters)
/usr/local/lib/python3.12/site-packages/sqlalchemy/dialects/postgresql/asyncpg.py:568: in execute
    self._adapt_connection.await_(
/usr/local/lib/python3.12/site-packages/sqlalchemy/util/_concurrency_py3k.py:132: in await_only
    return current.parent.switch(awaitable)  # type: ignore[no-any-return,attr-defined] # noqa: E501
/usr/local/lib/python3.12/site-packages/sqlalchemy/util/_concurrency_py3k.py:196: in greenlet_spawn
    value = await result
/usr/local/lib/python3.12/site-packages/sqlalchemy/dialects/postgresql/asyncpg.py:546: in _prepare_and_execute
    self._handle_exception(error)
/usr/local/lib/python3.12/site-packages/sqlalchemy/dialects/postgresql/asyncpg.py:497: in _handle_exception
    self._adapt_connection._handle_exception(error)
_ _ _ _ _ _ _ _ _ _ _ _ _ _ _ _ _ _ _ _ _ _ _ _ _ _ _ _ _ _ _ _ _ _ _ _ _ _ _ _ 

self = <AdaptedConnection <asyncpg.connection.Connection object at 0x73948a8a0aa0>>
error = DatatypeMismatchError('column "active_recipe_id" is of type integer but expression is of type uuid')

    def _handle_exception(self, error):
        if self._connection.is_closed():
            self._transaction = None
            self._started = False
    
        if not isinstance(error, AsyncAdapt_asyncpg_dbapi.Error):
            exception_mapping = self.dbapi._asyncpg_error_translate
    
            for super_ in type(error).__mro__:
                if super_ in exception_mapping:
                    translated_error = exception_mapping[super_](
                        "%s: %s" % (type(error), error)
                    )
                    translated_error.pgcode = translated_error.sqlstate = (
                        getattr(error, "sqlstate", None)
                    )
>                   raise translated_error from error
E                   sqlalchemy.exc.ProgrammingError: (sqlalchemy.dialects.postgresql.asyncpg.ProgrammingError) <class 'asyncpg.exceptions.DatatypeMismatchError'>: column "active_recipe_id" is of type integer but expression is of type uuid
E                   HINT:  You will need to rewrite or cast the expression.
E                   [SQL: INSERT INTO products (company_id, name, description, price, tax_rate, stock, image_url, is_active, created_at, updated_at, category_id, active_recipe_id) VALUES ($1::INTEGER, $2::VARCHAR, $3::VARCHAR, $4::NUMERIC(12, 2), $5::NUMERIC(5, 2), $6::NUMERIC(10, 2), $7::VARCHAR, $8::BOOLEAN, $9::TIMESTAMP WITHOUT TIME ZONE, $10::TIMESTAMP WITHOUT TIME ZONE, $11::INTEGER, $12::UUID) RETURNING products.id]
E                   [parameters: (956, 'Burger 53c3cf48', None, Decimal('25.00'), 0, Decimal('0'), None, True, datetime.datetime(2026, 1, 14, 19, 0, 9, 152063), None, None, None)]
E                   (Background on this error at: https://sqlalche.me/e/20/f405)

/usr/local/lib/python3.12/site-packages/sqlalchemy/dialects/postgresql/asyncpg.py:780: ProgrammingError
=========================== short test summary info ============================
FAILED tests/test_recipe_service.py::test_recipe_cost_calculation - sqlalchem...
============================== 1 failed in 1.47s ===============================
